<?xml version="1.0" encoding="UTF-8"?>
<!-- Generated by org.testng.reporters.JUnitReportReporter -->
<testsuite hostname="SDMMAC-F60-2.local" name="ExecuteChrome.clsExecuteChrome" tests="1" failures="0" timestamp="18 Jan 2016 08:39:43 GMT" time="24.893" errors="0">
  <testcase name="ChromeOpen" time="24.893" classname="ExecuteChrome.clsExecuteChrome"/>
</testsuite> <!-- ExecuteChrome.clsExecuteChrome -->
