<?xml version="1.0" encoding="UTF-8"?>
<!-- Generated by org.testng.reporters.JUnitReportReporter -->
<testsuite hostname="SDEI-OS-S06" name="ExecuteChrome.clsExecuteChrome" tests="1" failures="0" timestamp="2 Feb 2016 07:42:33 GMT" time="12.499" errors="0">
  <testcase name="BrowserOpen" time="12.499" classname="ExecuteChrome.clsExecuteChrome"/>
</testsuite> <!-- ExecuteChrome.clsExecuteChrome -->
