<?xml version="1.0" encoding="UTF-8"?>
<!-- Generated by org.testng.reporters.JUnitReportReporter -->
<testsuite hostname="SDEI-OS-S06" name="ExecuteChrome.clsExecuteChrome" tests="1" failures="0" timestamp="1 Feb 2016 11:03:12 GMT" time="6.053" errors="0">
  <testcase name="BrowserOpen" time="6.053" classname="ExecuteChrome.clsExecuteChrome"/>
</testsuite> <!-- ExecuteChrome.clsExecuteChrome -->
